c:\softwaredevelopments\shared\lib\igor\xopsupport\vc10\xopsupport.bsc
c:\softwaredevelopments\shared\lib\igor\xopsupport\vc10\release\vc90.pdb
c:\softwaredevelopments\shared\lib\igor\xopsupport\vc10\release\xopdatafolderaccess.sbr
c:\softwaredevelopments\shared\lib\igor\xopsupport\vc10\release\xopdialogswin.sbr
c:\softwaredevelopments\shared\lib\igor\xopsupport\vc10\release\xopfiles.sbr
c:\softwaredevelopments\shared\lib\igor\xopsupport\vc10\release\xopfileswin.sbr
c:\softwaredevelopments\shared\lib\igor\xopsupport\vc10\release\xopmenus.sbr
c:\softwaredevelopments\shared\lib\igor\xopsupport\vc10\release\xopnumericconversion.sbr
c:\softwaredevelopments\shared\lib\igor\xopsupport\vc10\release\xopsupport.sbr
c:\softwaredevelopments\shared\lib\igor\xopsupport\vc10\release\xopsupportwin.sbr
c:\softwaredevelopments\shared\lib\igor\xopsupport\vc10\release\xopwaveaccess.sbr
c:\softwaredevelopments\shared\lib\igor\xopsupport\vc10\release\xopwindows.sbr
c:\softwaredevelopments\shared\lib\igor\xopsupport\vc10\release\xopwindows.obj
c:\softwaredevelopments\shared\lib\igor\xopsupport\vc10\release\xopwaveaccess.obj
c:\softwaredevelopments\shared\lib\igor\xopsupport\vc10\release\xopsupportwin.obj
c:\softwaredevelopments\shared\lib\igor\xopsupport\vc10\release\xopsupport.obj
c:\softwaredevelopments\shared\lib\igor\xopsupport\vc10\release\xopnumericconversion.obj
c:\softwaredevelopments\shared\lib\igor\xopsupport\vc10\release\xopmenus.obj
c:\softwaredevelopments\shared\lib\igor\xopsupport\vc10\release\xopfileswin.obj
c:\softwaredevelopments\shared\lib\igor\xopsupport\vc10\release\xopfiles.obj
c:\softwaredevelopments\shared\lib\igor\xopsupport\vc10\release\xopdialogswin.obj
c:\softwaredevelopments\shared\lib\igor\xopsupport\vc10\release\xopdatafolderaccess.obj
c:\softwaredevelopments\shared\lib\igor\xopsupport\vc10\xopsupport.lib
c:\softwaredevelopments\shared\lib\igor\xopsupport\vc10\./xopsupport.lib
c:\softwaredevelopments\shared\lib\igor\xopsupport\vc10\release\xopsupport.tlog\bscmake.command.1.tlog
c:\softwaredevelopments\shared\lib\igor\xopsupport\vc10\release\xopsupport.tlog\bscmake.read.1.tlog
c:\softwaredevelopments\shared\lib\igor\xopsupport\vc10\release\xopsupport.tlog\bscmake.write.1.tlog
c:\softwaredevelopments\shared\lib\igor\xopsupport\vc10\release\xopsupport.tlog\cl.command.1.tlog
c:\softwaredevelopments\shared\lib\igor\xopsupport\vc10\release\xopsupport.tlog\cl.read.1.tlog
c:\softwaredevelopments\shared\lib\igor\xopsupport\vc10\release\xopsupport.tlog\cl.write.1.tlog
c:\softwaredevelopments\shared\lib\igor\xopsupport\vc10\release\xopsupport.tlog\lib-link.read.1.tlog
c:\softwaredevelopments\shared\lib\igor\xopsupport\vc10\release\xopsupport.tlog\lib-link.write.1.tlog
c:\softwaredevelopments\shared\lib\igor\xopsupport\vc10\release\xopsupport.tlog\lib.command.1.tlog
